<?xml version="1.0" encoding="UTF-8"?>
<!-- Generated by org.testng.reporters.JUnitXMLReporter -->
<testsuite hostname="DESKTOP-4NIKV9T" ignored="0" name="Test" tests="20" failures="13" timestamp="02 Jul 2018 12:11:20 GMT" time="311.968" errors="0">
  <testcase name="Permission" time="9.484" classname="Scenario_Component.Scenario_Phonenumber"/>
  <testcase name="Phoneno_UI" time="0.537" classname="Scenario_Component.Scenario_Phonenumber">
    <failure type="org.openqa.selenium.WebDriverException" message="An unknown server-side error occurred while processing the command. Original error: Soft keyboard not present, cannot hide keyboard (WARNING: The server did not provide any stacktrace information)
Command duration or timeout: 0 milliseconds
Build info: version: &amp;apos;3.6.0&amp;apos;, revision: &amp;apos;6fbf3ec767&amp;apos;, time: &amp;apos;2017-09-27T15:28:36.4Z&amp;apos;
System info: host: &amp;apos;DESKTOP-4NIKV9T&amp;apos;, ip: &amp;apos;10.229.202.23&amp;apos;, os.name: &amp;apos;Windows 10&amp;apos;, os.arch: &amp;apos;amd64&amp;apos;, os.version: &amp;apos;10.0&amp;apos;, java.version: &amp;apos;1.8.0_162&amp;apos;
Driver info: io.appium.java_client.android.AndroidDriver
Capabilities [{app=/Users/lenovo/eclipse-workspace/Reflex_Demo/src/APk/Reflex_newui.apk, appPackage=com.isport.fastrack, deviceScreenSize=720x1280, networkConnectionEnabled=true, noReset=false, warnings={}, appWaitPackage=com.isport.fastrack, appWaitActivity=clovewearable.commons.commonsplash.SplashActivity, databaseEnabled=false, deviceName=ZY222ZVH7G, platform=LINUX, deviceUDID=ZY222ZVH7G, appActivity=clovewearable.commons.commonsplash.SplashActivity, desired={app=/Users/lenovo/eclipse-workspace/Reflex_Demo/src/APk/Reflex_newui.apk, noReset=false, newCommandTimeout=600, takesScreenshot=true, platformName=Android, deviceName=FA7A51A01792}, newCommandTimeout=600, platformVersion=6.0.1, webStorageEnabled=false, locationContextEnabled=false, takesScreenshot=true, javascriptEnabled=true, deviceModel=MotoG3-TE, deviceManufacturer=motorola, platformName=LINUX}]
Session ID: fea58327-00f0-4dd8-86aa-82264ea41178">
      <![CDATA[org.openqa.selenium.WebDriverException: An unknown server-side error occurred while processing the command. Original error: Soft keyboard not present, cannot hide keyboard (WARNING: The server did not provide any stacktrace information)
Command duration or timeout: 0 milliseconds
Build info: version: '3.6.0', revision: '6fbf3ec767', time: '2017-09-27T15:28:36.4Z'
System info: host: 'DESKTOP-4NIKV9T', ip: '10.229.202.23', os.name: 'Windows 10', os.arch: 'amd64', os.version: '10.0', java.version: '1.8.0_162'
Driver info: io.appium.java_client.android.AndroidDriver
Capabilities [{app=/Users/lenovo/eclipse-workspace/Reflex_Demo/src/APk/Reflex_newui.apk, appPackage=com.isport.fastrack, deviceScreenSize=720x1280, networkConnectionEnabled=true, noReset=false, warnings={}, appWaitPackage=com.isport.fastrack, appWaitActivity=clovewearable.commons.commonsplash.SplashActivity, databaseEnabled=false, deviceName=ZY222ZVH7G, platform=LINUX, deviceUDID=ZY222ZVH7G, appActivity=clovewearable.commons.commonsplash.SplashActivity, desired={app=/Users/lenovo/eclipse-workspace/Reflex_Demo/src/APk/Reflex_newui.apk, noReset=false, newCommandTimeout=600, takesScreenshot=true, platformName=Android, deviceName=FA7A51A01792}, newCommandTimeout=600, platformVersion=6.0.1, webStorageEnabled=false, locationContextEnabled=false, takesScreenshot=true, javascriptEnabled=true, deviceModel=MotoG3-TE, deviceManufacturer=motorola, platformName=LINUX}]
Session ID: fea58327-00f0-4dd8-86aa-82264ea41178
at org.openqa.selenium.remote.ErrorHandler.createThrowable(ErrorHandler.java:214)
at org.openqa.selenium.remote.ErrorHandler.throwIfResponseFailed(ErrorHandler.java:166)
at org.openqa.selenium.remote.http.JsonHttpResponseCodec.reconstructValue(JsonHttpResponseCodec.java:40)
at org.openqa.selenium.remote.http.AbstractHttpResponseCodec.decode(AbstractHttpResponseCodec.java:80)
at org.openqa.selenium.remote.http.AbstractHttpResponseCodec.decode(AbstractHttpResponseCodec.java:44)
at org.openqa.selenium.remote.HttpCommandExecutor.execute(HttpCommandExecutor.java:158)
at io.appium.java_client.remote.AppiumCommandExecutor.execute(AppiumCommandExecutor.java:89)
at org.openqa.selenium.remote.RemoteWebDriver.execute(RemoteWebDriver.java:545)
at io.appium.java_client.DefaultGenericMobileDriver.execute(DefaultGenericMobileDriver.java:46)
at io.appium.java_client.AppiumDriver.execute(AppiumDriver.java:1)
at io.appium.java_client.android.AndroidDriver.execute(AndroidDriver.java:1)
at io.appium.java_client.HidesKeyboard.hideKeyboard(HidesKeyboard.java:27)
at Scenario_Component.Scenario_Phonenumber.Phoneno_UI(Scenario_Phonenumber.java:68)
... Removed 29 stack frames]]>
    </failure>
  </testcase> <!-- Phoneno_UI -->
  <testcase name="Phoneno_Toast_Messages" time="52.465" classname="Scenario_Component.Scenario_Phonenumber">
    <failure type="java.lang.AssertionError" message="The following asserts failed:
	Phone no Blank error expected [true] but found [false],
	phone no less than 10 expected [true] but found [false]">
      <![CDATA[java.lang.AssertionError: The following asserts failed:
Phone no Blank error expected [true] but found [false],
phone no less than 10 expected [true] but found [false]
at PageObject_Component.PageObject_phonenumber.verify_toastmessages(PageObject_phonenumber.java:177)
at Scenario_Component.Scenario_Phonenumber.Phoneno_Toast_Messages(Scenario_Phonenumber.java:74)
... Removed 26 stack frames]]>
    </failure>
  </testcase> <!-- Phoneno_Toast_Messages -->
  <testcase name="Verify_Country_UI" time="3.001" classname="Scenario_Component.Scenario_Phonenumber"/>
  <testcase name="Verify_TermPDF" time="7.714" classname="Scenario_Component.Scenario_Phonenumber"/>
  <testcase name="Moveto_OTP" time="9.228" classname="Scenario_Component.Scenario_Phonenumber"/>
  <testcase name="No_Verify_screen" time="5.725" classname="Scenario_Component.Scenario_Phonenumber"/>
  <testcase name="Verify_OTP_UI" time="61.158" classname="Scenario_Component.Scenario_OTP">
    <failure type="java.lang.AssertionError" message="The following asserts failed:
	Timer desc is wrong expected [Waiting for SMS Code 57 seconds] but found [Waiting for SMS Code 58 seconds],
	resend OTP desc is wrong expected [[[Android: null] -&amp;gt; id: com.isport.fastrack:id/phone_verify_resend_otp_description]] but found [Did not receive the OTP ?]">
      <![CDATA[java.lang.AssertionError: The following asserts failed:
Timer desc is wrong expected [Waiting for SMS Code 57 seconds] but found [Waiting for SMS Code 58 seconds],
resend OTP desc is wrong expected [[[Android: null] -> id: com.isport.fastrack:id/phone_verify_resend_otp_description]] but found [Did not receive the OTP ?]
at PageObject_Component.PageObject_OTP.Verify_OTP_UI(PageObject_OTP.java:124)
at Scenario_Component.Scenario_OTP.Verify_OTP_UI(Scenario_OTP.java:35)
... Removed 26 stack frames]]>
    </failure>
  </testcase> <!-- Verify_OTP_UI -->
  <testcase name="blank_OTP" time="8.316" classname="Scenario_Component.Scenario_OTP">
    <failure type="java.lang.AssertionError" message="Enter a valid otp message is not comingSAL ToL 8 2A AN EE
fFastrack REFLEX
Powered By (9 \/ |X
Verify your phone number
A verification code (OTP) has been sent to your number
via SMS.Please enter the OTP to verify your phone
number.
Enter OTP
Verification code not received in 60 seconds
SUBMIT
Did not receive the OTP ?
RETRY
 expected [true] but found [false]">
      <![CDATA[java.lang.AssertionError: Enter a valid otp message is not comingSAL ToL 8 2A AN EE
fFastrack REFLEX
Powered By (9 \/ |X
Verify your phone number
A verification code (OTP) has been sent to your number
via SMS.Please enter the OTP to verify your phone
number.
Enter OTP
Verification code not received in 60 seconds
SUBMIT
Did not receive the OTP ?
RETRY
 expected [true] but found [false]
at PageObject_Component.PageObject_OTP.BlankOTP(PageObject_OTP.java:130)
at Scenario_Component.Scenario_OTP.blank_OTP(Scenario_OTP.java:42)
... Removed 28 stack frames]]>
    </failure>
  </testcase> <!-- blank_OTP -->
  <testcase name="verify_retry" time="13.698" classname="Scenario_Component.Scenario_OTP"/>
  <testcase name="band_turned_on_UI" time="1.55" classname="Scenario_Component.Scenario_OTP"/>
  <testcase name="Verify_Band_listscreen" time="61.707" classname="Scenario_Component.Scenario_OTP">
    <failure type="org.openqa.selenium.NoSuchElementException" message="An element could not be located on the page using the given search parameters. (WARNING: The server did not provide any stacktrace information)
Command duration or timeout: 0 milliseconds
For documentation on this error, please visit: http://seleniumhq.org/exceptions/no_such_element.html
Build info: version: &amp;apos;3.6.0&amp;apos;, revision: &amp;apos;6fbf3ec767&amp;apos;, time: &amp;apos;2017-09-27T15:28:36.4Z&amp;apos;
System info: host: &amp;apos;DESKTOP-4NIKV9T&amp;apos;, ip: &amp;apos;10.229.202.23&amp;apos;, os.name: &amp;apos;Windows 10&amp;apos;, os.arch: &amp;apos;amd64&amp;apos;, os.version: &amp;apos;10.0&amp;apos;, java.version: &amp;apos;1.8.0_162&amp;apos;
Driver info: io.appium.java_client.android.AndroidDriver
Capabilities [{app=/Users/lenovo/eclipse-workspace/Reflex_Demo/src/APk/Reflex_newui.apk, appPackage=com.isport.fastrack, deviceScreenSize=720x1280, networkConnectionEnabled=true, noReset=false, warnings={}, appWaitPackage=com.isport.fastrack, appWaitActivity=clovewearable.commons.commonsplash.SplashActivity, databaseEnabled=false, deviceName=ZY222ZVH7G, platform=LINUX, deviceUDID=ZY222ZVH7G, appActivity=clovewearable.commons.commonsplash.SplashActivity, desired={app=/Users/lenovo/eclipse-workspace/Reflex_Demo/src/APk/Reflex_newui.apk, noReset=false, newCommandTimeout=600, takesScreenshot=true, platformName=Android, deviceName=FA7A51A01792}, newCommandTimeout=600, platformVersion=6.0.1, webStorageEnabled=false, locationContextEnabled=false, takesScreenshot=true, javascriptEnabled=true, deviceModel=MotoG3-TE, deviceManufacturer=motorola, platformName=LINUX}]
Session ID: fea58327-00f0-4dd8-86aa-82264ea41178
*** Element info: {Using=xpath, value=/hierarchy/android.widget.FrameLayout/android.widget.LinearLayout/android.widget.FrameLayout/android.widget.LinearLayout/android.widget.FrameLayout/android.widget.RelativeLayout/android.widget.RelativeLayout/android.widget.ListView/android.widget.LinearLayout[1]}">
      <![CDATA[org.openqa.selenium.NoSuchElementException: An element could not be located on the page using the given search parameters. (WARNING: The server did not provide any stacktrace information)
Command duration or timeout: 0 milliseconds
For documentation on this error, please visit: http://seleniumhq.org/exceptions/no_such_element.html
Build info: version: '3.6.0', revision: '6fbf3ec767', time: '2017-09-27T15:28:36.4Z'
System info: host: 'DESKTOP-4NIKV9T', ip: '10.229.202.23', os.name: 'Windows 10', os.arch: 'amd64', os.version: '10.0', java.version: '1.8.0_162'
Driver info: io.appium.java_client.android.AndroidDriver
Capabilities [{app=/Users/lenovo/eclipse-workspace/Reflex_Demo/src/APk/Reflex_newui.apk, appPackage=com.isport.fastrack, deviceScreenSize=720x1280, networkConnectionEnabled=true, noReset=false, warnings={}, appWaitPackage=com.isport.fastrack, appWaitActivity=clovewearable.commons.commonsplash.SplashActivity, databaseEnabled=false, deviceName=ZY222ZVH7G, platform=LINUX, deviceUDID=ZY222ZVH7G, appActivity=clovewearable.commons.commonsplash.SplashActivity, desired={app=/Users/lenovo/eclipse-workspace/Reflex_Demo/src/APk/Reflex_newui.apk, noReset=false, newCommandTimeout=600, takesScreenshot=true, platformName=Android, deviceName=FA7A51A01792}, newCommandTimeout=600, platformVersion=6.0.1, webStorageEnabled=false, locationContextEnabled=false, takesScreenshot=true, javascriptEnabled=true, deviceModel=MotoG3-TE, deviceManufacturer=motorola, platformName=LINUX}]
Session ID: fea58327-00f0-4dd8-86aa-82264ea41178
*** Element info: {Using=xpath, value=/hierarchy/android.widget.FrameLayout/android.widget.LinearLayout/android.widget.FrameLayout/android.widget.LinearLayout/android.widget.FrameLayout/android.widget.RelativeLayout/android.widget.RelativeLayout/android.widget.ListView/android.widget.LinearLayout[1]}
at org.openqa.selenium.remote.ErrorHandler.createThrowable(ErrorHandler.java:214)
at org.openqa.selenium.remote.ErrorHandler.throwIfResponseFailed(ErrorHandler.java:166)
at org.openqa.selenium.remote.http.JsonHttpResponseCodec.reconstructValue(JsonHttpResponseCodec.java:40)
at org.openqa.selenium.remote.http.AbstractHttpResponseCodec.decode(AbstractHttpResponseCodec.java:80)
at org.openqa.selenium.remote.http.AbstractHttpResponseCodec.decode(AbstractHttpResponseCodec.java:44)
at org.openqa.selenium.remote.HttpCommandExecutor.execute(HttpCommandExecutor.java:158)
at io.appium.java_client.remote.AppiumCommandExecutor.execute(AppiumCommandExecutor.java:89)
at org.openqa.selenium.remote.RemoteWebDriver.execute(RemoteWebDriver.java:545)
at io.appium.java_client.DefaultGenericMobileDriver.execute(DefaultGenericMobileDriver.java:42)
at io.appium.java_client.AppiumDriver.execute(AppiumDriver.java:1)
at io.appium.java_client.android.AndroidDriver.execute(AndroidDriver.java:1)
at org.openqa.selenium.remote.RemoteWebDriver.findElement(RemoteWebDriver.java:319)
at io.appium.java_client.DefaultGenericMobileDriver.findElement(DefaultGenericMobileDriver.java:62)
at io.appium.java_client.AppiumDriver.findElement(AppiumDriver.java:1)
at io.appium.java_client.android.AndroidDriver.findElement(AndroidDriver.java:1)
at org.openqa.selenium.remote.RemoteWebDriver.findElementByXPath(RemoteWebDriver.java:421)
at io.appium.java_client.DefaultGenericMobileDriver.findElementByXPath(DefaultGenericMobileDriver.java:140)
at io.appium.java_client.AppiumDriver.findElementByXPath(AppiumDriver.java:1)
at io.appium.java_client.android.AndroidDriver.findElementByXPath(AndroidDriver.java:1)
at org.openqa.selenium.By$ByXPath.findElement(By.java:361)
at org.openqa.selenium.remote.RemoteWebDriver.findElement(RemoteWebDriver.java:311)
at io.appium.java_client.DefaultGenericMobileDriver.findElement(DefaultGenericMobileDriver.java:58)
at io.appium.java_client.AppiumDriver.findElement(AppiumDriver.java:1)
at io.appium.java_client.android.AndroidDriver.findElement(AndroidDriver.java:1)
at org.openqa.selenium.support.pagefactory.DefaultElementLocator.findElement(DefaultElementLocator.java:69)
at org.openqa.selenium.support.pagefactory.internal.LocatingElementHandler.invoke(LocatingElementHandler.java:38)
at com.sun.proxy.$Proxy10.click(Unknown Source)
at Scenario_Component.Scenario_OTP.Verify_Band_listscreen(Scenario_OTP.java:65)
... Removed 28 stack frames]]>
    </failure>
  </testcase> <!-- Verify_Band_listscreen -->
  <testcase name="Verify_Band_cnnected" time="50.635" classname="Scenario_Component.Scenario_OTP">
    <failure type="org.openqa.selenium.NoSuchElementException" message="An element could not be located on the page using the given search parameters. (WARNING: The server did not provide any stacktrace information)
Command duration or timeout: 0 milliseconds
For documentation on this error, please visit: http://seleniumhq.org/exceptions/no_such_element.html
Build info: version: &amp;apos;3.6.0&amp;apos;, revision: &amp;apos;6fbf3ec767&amp;apos;, time: &amp;apos;2017-09-27T15:28:36.4Z&amp;apos;
System info: host: &amp;apos;DESKTOP-4NIKV9T&amp;apos;, ip: &amp;apos;10.229.202.23&amp;apos;, os.name: &amp;apos;Windows 10&amp;apos;, os.arch: &amp;apos;amd64&amp;apos;, os.version: &amp;apos;10.0&amp;apos;, java.version: &amp;apos;1.8.0_162&amp;apos;
Driver info: io.appium.java_client.android.AndroidDriver
Capabilities [{app=/Users/lenovo/eclipse-workspace/Reflex_Demo/src/APk/Reflex_newui.apk, appPackage=com.isport.fastrack, deviceScreenSize=720x1280, networkConnectionEnabled=true, noReset=false, warnings={}, appWaitPackage=com.isport.fastrack, appWaitActivity=clovewearable.commons.commonsplash.SplashActivity, databaseEnabled=false, deviceName=ZY222ZVH7G, platform=LINUX, deviceUDID=ZY222ZVH7G, appActivity=clovewearable.commons.commonsplash.SplashActivity, desired={app=/Users/lenovo/eclipse-workspace/Reflex_Demo/src/APk/Reflex_newui.apk, noReset=false, newCommandTimeout=600, takesScreenshot=true, platformName=Android, deviceName=FA7A51A01792}, newCommandTimeout=600, platformVersion=6.0.1, webStorageEnabled=false, locationContextEnabled=false, takesScreenshot=true, javascriptEnabled=true, deviceModel=MotoG3-TE, deviceManufacturer=motorola, platformName=LINUX}]
Session ID: fea58327-00f0-4dd8-86aa-82264ea41178
*** Element info: {Using=id, value=com.isport.fastrack:id/pair_textview}">
      <![CDATA[org.openqa.selenium.NoSuchElementException: An element could not be located on the page using the given search parameters. (WARNING: The server did not provide any stacktrace information)
Command duration or timeout: 0 milliseconds
For documentation on this error, please visit: http://seleniumhq.org/exceptions/no_such_element.html
Build info: version: '3.6.0', revision: '6fbf3ec767', time: '2017-09-27T15:28:36.4Z'
System info: host: 'DESKTOP-4NIKV9T', ip: '10.229.202.23', os.name: 'Windows 10', os.arch: 'amd64', os.version: '10.0', java.version: '1.8.0_162'
Driver info: io.appium.java_client.android.AndroidDriver
Capabilities [{app=/Users/lenovo/eclipse-workspace/Reflex_Demo/src/APk/Reflex_newui.apk, appPackage=com.isport.fastrack, deviceScreenSize=720x1280, networkConnectionEnabled=true, noReset=false, warnings={}, appWaitPackage=com.isport.fastrack, appWaitActivity=clovewearable.commons.commonsplash.SplashActivity, databaseEnabled=false, deviceName=ZY222ZVH7G, platform=LINUX, deviceUDID=ZY222ZVH7G, appActivity=clovewearable.commons.commonsplash.SplashActivity, desired={app=/Users/lenovo/eclipse-workspace/Reflex_Demo/src/APk/Reflex_newui.apk, noReset=false, newCommandTimeout=600, takesScreenshot=true, platformName=Android, deviceName=FA7A51A01792}, newCommandTimeout=600, platformVersion=6.0.1, webStorageEnabled=false, locationContextEnabled=false, takesScreenshot=true, javascriptEnabled=true, deviceModel=MotoG3-TE, deviceManufacturer=motorola, platformName=LINUX}]
Session ID: fea58327-00f0-4dd8-86aa-82264ea41178
*** Element info: {Using=id, value=com.isport.fastrack:id/pair_textview}
at org.openqa.selenium.remote.ErrorHandler.createThrowable(ErrorHandler.java:214)
at org.openqa.selenium.remote.ErrorHandler.throwIfResponseFailed(ErrorHandler.java:166)
at org.openqa.selenium.remote.http.JsonHttpResponseCodec.reconstructValue(JsonHttpResponseCodec.java:40)
at org.openqa.selenium.remote.http.AbstractHttpResponseCodec.decode(AbstractHttpResponseCodec.java:80)
at org.openqa.selenium.remote.http.AbstractHttpResponseCodec.decode(AbstractHttpResponseCodec.java:44)
at org.openqa.selenium.remote.HttpCommandExecutor.execute(HttpCommandExecutor.java:158)
at io.appium.java_client.remote.AppiumCommandExecutor.execute(AppiumCommandExecutor.java:89)
at org.openqa.selenium.remote.RemoteWebDriver.execute(RemoteWebDriver.java:545)
at io.appium.java_client.DefaultGenericMobileDriver.execute(DefaultGenericMobileDriver.java:42)
at io.appium.java_client.AppiumDriver.execute(AppiumDriver.java:1)
at io.appium.java_client.android.AndroidDriver.execute(AndroidDriver.java:1)
at org.openqa.selenium.remote.RemoteWebDriver.findElement(RemoteWebDriver.java:319)
at io.appium.java_client.DefaultGenericMobileDriver.findElement(DefaultGenericMobileDriver.java:62)
at io.appium.java_client.AppiumDriver.findElement(AppiumDriver.java:1)
at io.appium.java_client.android.AndroidDriver.findElement(AndroidDriver.java:1)
at org.openqa.selenium.remote.RemoteWebDriver.findElementById(RemoteWebDriver.java:365)
at io.appium.java_client.DefaultGenericMobileDriver.findElementById(DefaultGenericMobileDriver.java:70)
at io.appium.java_client.AppiumDriver.findElementById(AppiumDriver.java:1)
at io.appium.java_client.android.AndroidDriver.findElementById(AndroidDriver.java:1)
at org.openqa.selenium.By$ById.findElement(By.java:218)
at org.openqa.selenium.remote.RemoteWebDriver.findElement(RemoteWebDriver.java:311)
at io.appium.java_client.DefaultGenericMobileDriver.findElement(DefaultGenericMobileDriver.java:58)
at io.appium.java_client.AppiumDriver.findElement(AppiumDriver.java:1)
at io.appium.java_client.android.AndroidDriver.findElement(AndroidDriver.java:1)
at org.openqa.selenium.support.pagefactory.DefaultElementLocator.findElement(DefaultElementLocator.java:69)
at org.openqa.selenium.support.pagefactory.internal.LocatingElementHandler.invoke(LocatingElementHandler.java:38)
at com.sun.proxy.$Proxy10.getText(Unknown Source)
at PageObject_Component.PageObject_OTP.Band_pair_screen(PageObject_OTP.java:194)
at Scenario_Component.Scenario_OTP.Verify_Band_cnnected(Scenario_OTP.java:72)
... Removed 28 stack frames]]>
    </failure>
  </testcase> <!-- Verify_Band_cnnected -->
  <testcase name="profile_UI" time="0.004" classname="Scenario_Component.Scenario_setupprofile">
    <failure type="java.lang.IllegalArgumentException" message="Cannot find elements with a null id attribute.">
      <![CDATA[java.lang.IllegalArgumentException: Cannot find elements with a null id attribute.
at org.openqa.selenium.By.id(By.java:53)
at PageObject_Component.PageObject_setupprofile.<init>(PageObject_setupprofile.java:160)
at Scenario_Component.Scenario_setupprofile.profile_UI(Scenario_setupprofile.java:44)
... Removed 25 stack frames]]>
    </failure>
  </testcase> <!-- profile_UI -->
  <testcase name="camera_UI" time="0.001" classname="Scenario_Component.Scenario_setupprofile">
    <failure type="java.lang.IllegalArgumentException" message="Cannot find elements with a null id attribute.">
      <![CDATA[java.lang.IllegalArgumentException: Cannot find elements with a null id attribute.
at org.openqa.selenium.By.id(By.java:53)
at PageObject_Component.PageObject_setupprofile.<init>(PageObject_setupprofile.java:160)
at Scenario_Component.Scenario_setupprofile.camera_UI(Scenario_setupprofile.java:51)
... Removed 25 stack frames]]>
    </failure>
  </testcase> <!-- camera_UI -->
  <testcase name="input_setup_profile" time="0.001" classname="Scenario_Component.Scenario_setupprofile">
    <failure type="java.lang.IllegalArgumentException" message="Cannot find elements with a null id attribute.">
      <![CDATA[java.lang.IllegalArgumentException: Cannot find elements with a null id attribute.
at org.openqa.selenium.By.id(By.java:53)
at PageObject_Component.PageObject_setupprofile.<init>(PageObject_setupprofile.java:160)
at Scenario_Component.Scenario_setupprofile.input_setup_profile(Scenario_setupprofile.java:57)
... Removed 25 stack frames]]>
    </failure>
  </testcase> <!-- input_setup_profile -->
  <testcase name="verifyname" time="0.001" classname="Scenario_Component.Scenario_setupprofile">
    <failure type="java.lang.NullPointerException">
      <![CDATA[java.lang.NullPointerException
at Scenario_Component.Scenario_setupprofile.verifyname(Scenario_setupprofile.java:67)
... Removed 25 stack frames]]>
    </failure>
  </testcase> <!-- verifyname -->
  <testcase name="verifyemail" time="0.0" classname="Scenario_Component.Scenario_setupprofile">
    <failure type="java.lang.NullPointerException">
      <![CDATA[java.lang.NullPointerException
at Scenario_Component.Scenario_setupprofile.verifyemail(Scenario_setupprofile.java:73)
... Removed 25 stack frames]]>
    </failure>
  </testcase> <!-- verifyemail -->
  <testcase name="verifyhight" time="2.146" classname="Scenario_Component.Scenario_setupprofile">
    <failure type="java.lang.NullPointerException">
      <![CDATA[java.lang.NullPointerException
at Scenario_Component.Scenario_setupprofile.verifyhight(Scenario_setupprofile.java:79)
... Removed 25 stack frames]]>
    </failure>
  </testcase> <!-- verifyhight -->
  <testcase name="signup_success_last" time="0.001" classname="Scenario_Component.Scenario_setupprofile">
    <failure type="java.lang.IllegalArgumentException" message="Cannot find elements with a null id attribute.">
      <![CDATA[java.lang.IllegalArgumentException: Cannot find elements with a null id attribute.
at org.openqa.selenium.By.id(By.java:53)
at PageObject_Component.PageObject_setupprofile.<init>(PageObject_setupprofile.java:160)
at Scenario_Component.Scenario_setupprofile.signup_success_last(Scenario_setupprofile.java:84)
... Removed 25 stack frames]]>
    </failure>
  </testcase> <!-- signup_success_last -->
</testsuite> <!-- Test -->
