<?xml version="1.0" encoding="UTF-8"?>
<testng-results skipped="0" failed="2" ignored="0" total="6" passed="4">
  <reporter-output>
  </reporter-output>
  <suite name="Default suite" duration-ms="76860" started-at="2018-07-23T07:41:01Z" finished-at="2018-07-23T07:42:18Z">
    <groups>
    </groups>
    <test name="Default test" duration-ms="76860" started-at="2018-07-23T07:41:01Z" finished-at="2018-07-23T07:42:18Z">
      <class name="Scenario_Component.Scenario_Phonenumber">
        <test-method status="PASS" signature="start()[pri:0, instance:Scenario_Component.Scenario_Phonenumber@1f57539]" name="start" is-config="true" duration-ms="2816" started-at="2018-07-23T07:40:58Z" finished-at="2018-07-23T07:41:01Z">
          <reporter-output>
          </reporter-output>
        </test-method> <!-- start -->
        <test-method status="PASS" signature="initapp()[pri:0, instance:Scenario_Component.Scenario_Phonenumber@1f57539]" name="initapp" is-config="true" duration-ms="27398" started-at="2018-07-23T07:41:01Z" finished-at="2018-07-23T07:41:29Z">
          <reporter-output>
          </reporter-output>
        </test-method> <!-- initapp -->
        <test-method status="PASS" signature="Permission()[pri:0, instance:Scenario_Component.Scenario_Phonenumber@1f57539]" name="Permission" duration-ms="13578" started-at="2018-07-23T07:41:29Z" finished-at="2018-07-23T07:41:42Z">
          <reporter-output>
          </reporter-output>
        </test-method> <!-- Permission -->
        <test-method status="FAIL" signature="Phoneno_UI()[pri:1, instance:Scenario_Component.Scenario_Phonenumber@1f57539]" name="Phoneno_UI" duration-ms="5308" started-at="2018-07-23T07:41:42Z" description="Testing Phone no screen UI" finished-at="2018-07-23T07:41:48Z">
          <exception class="org.openqa.selenium.NoSuchElementException">
            <message>
              <![CDATA[An element could not be located on the page using the given search parameters. (WARNING: The server did not provide any stacktrace information)
Command duration or timeout: 0 milliseconds
For documentation on this error, please visit: http://seleniumhq.org/exceptions/no_such_element.html
Build info: version: '3.6.0', revision: '6fbf3ec767', time: '2017-09-27T15:28:36.4Z'
System info: host: 'DESKTOP-4NIKV9T', ip: '10.229.202.25', os.name: 'Windows 10', os.arch: 'amd64', os.version: '10.0', java.version: '1.8.0_162'
Driver info: io.appium.java_client.android.AndroidDriver
Capabilities [{app=/Users/lenovo/eclipse-workspace/Reflex_Demo/src/APk/Reflex_QA.apk, appPackage=com.isport.fastrack, deviceScreenSize=1440x2560, networkConnectionEnabled=true, noReset=false, warnings={}, appWaitPackage=com.isport.fastrack, appWaitActivity=clovewearable.commons.commonsplash.SplashActivity, databaseEnabled=false, deviceName=192.168.192.101:5555, platform=LINUX, deviceUDID=192.168.192.101:5555, appActivity=clovewearable.commons.commonsplash.SplashActivity, desired={app=/Users/lenovo/eclipse-workspace/Reflex_Demo/src/APk/Reflex_QA.apk, noReset=false, newCommandTimeout=600, takesScreenshot=true, platformName=Android, deviceName=vbox86p}, newCommandTimeout=600, platformVersion=7.0, webStorageEnabled=false, locationContextEnabled=false, takesScreenshot=true, javascriptEnabled=true, deviceModel=Google Nexus 6 - 7.0.0 - API 24 - 1440x2560, deviceManufacturer=Genymotion, platformName=LINUX}]
Session ID: 1abf303a-e5f5-49dd-bdc3-95dab1993200
*** Element info: {Using=id, value=com.isport.fastrack:id/phone_valid_tool_bar}]]>
            </message>
            <full-stacktrace>
              <![CDATA[org.openqa.selenium.NoSuchElementException: An element could not be located on the page using the given search parameters. (WARNING: The server did not provide any stacktrace information)
Command duration or timeout: 0 milliseconds
For documentation on this error, please visit: http://seleniumhq.org/exceptions/no_such_element.html
Build info: version: '3.6.0', revision: '6fbf3ec767', time: '2017-09-27T15:28:36.4Z'
System info: host: 'DESKTOP-4NIKV9T', ip: '10.229.202.25', os.name: 'Windows 10', os.arch: 'amd64', os.version: '10.0', java.version: '1.8.0_162'
Driver info: io.appium.java_client.android.AndroidDriver
Capabilities [{app=/Users/lenovo/eclipse-workspace/Reflex_Demo/src/APk/Reflex_QA.apk, appPackage=com.isport.fastrack, deviceScreenSize=1440x2560, networkConnectionEnabled=true, noReset=false, warnings={}, appWaitPackage=com.isport.fastrack, appWaitActivity=clovewearable.commons.commonsplash.SplashActivity, databaseEnabled=false, deviceName=192.168.192.101:5555, platform=LINUX, deviceUDID=192.168.192.101:5555, appActivity=clovewearable.commons.commonsplash.SplashActivity, desired={app=/Users/lenovo/eclipse-workspace/Reflex_Demo/src/APk/Reflex_QA.apk, noReset=false, newCommandTimeout=600, takesScreenshot=true, platformName=Android, deviceName=vbox86p}, newCommandTimeout=600, platformVersion=7.0, webStorageEnabled=false, locationContextEnabled=false, takesScreenshot=true, javascriptEnabled=true, deviceModel=Google Nexus 6 - 7.0.0 - API 24 - 1440x2560, deviceManufacturer=Genymotion, platformName=LINUX}]
Session ID: 1abf303a-e5f5-49dd-bdc3-95dab1993200
*** Element info: {Using=id, value=com.isport.fastrack:id/phone_valid_tool_bar}
at sun.reflect.NativeConstructorAccessorImpl.newInstance0(Native Method)
at sun.reflect.NativeConstructorAccessorImpl.newInstance(NativeConstructorAccessorImpl.java:62)
at sun.reflect.DelegatingConstructorAccessorImpl.newInstance(DelegatingConstructorAccessorImpl.java:45)
at java.lang.reflect.Constructor.newInstance(Constructor.java:423)
at org.openqa.selenium.remote.ErrorHandler.createThrowable(ErrorHandler.java:214)
at org.openqa.selenium.remote.ErrorHandler.throwIfResponseFailed(ErrorHandler.java:166)
at org.openqa.selenium.remote.http.JsonHttpResponseCodec.reconstructValue(JsonHttpResponseCodec.java:40)
at org.openqa.selenium.remote.http.AbstractHttpResponseCodec.decode(AbstractHttpResponseCodec.java:80)
at org.openqa.selenium.remote.http.AbstractHttpResponseCodec.decode(AbstractHttpResponseCodec.java:44)
at org.openqa.selenium.remote.HttpCommandExecutor.execute(HttpCommandExecutor.java:158)
at io.appium.java_client.remote.AppiumCommandExecutor.execute(AppiumCommandExecutor.java:89)
at org.openqa.selenium.remote.RemoteWebDriver.execute(RemoteWebDriver.java:545)
at io.appium.java_client.DefaultGenericMobileDriver.execute(DefaultGenericMobileDriver.java:42)
at io.appium.java_client.AppiumDriver.execute(AppiumDriver.java:1)
at io.appium.java_client.android.AndroidDriver.execute(AndroidDriver.java:1)
at org.openqa.selenium.remote.RemoteWebDriver.findElement(RemoteWebDriver.java:319)
at io.appium.java_client.DefaultGenericMobileDriver.findElement(DefaultGenericMobileDriver.java:62)
at io.appium.java_client.AppiumDriver.findElement(AppiumDriver.java:1)
at io.appium.java_client.android.AndroidDriver.findElement(AndroidDriver.java:1)
at org.openqa.selenium.remote.RemoteWebDriver.findElementById(RemoteWebDriver.java:365)
at io.appium.java_client.DefaultGenericMobileDriver.findElementById(DefaultGenericMobileDriver.java:70)
at io.appium.java_client.AppiumDriver.findElementById(AppiumDriver.java:1)
at io.appium.java_client.android.AndroidDriver.findElementById(AndroidDriver.java:1)
at org.openqa.selenium.By$ById.findElement(By.java:218)
at org.openqa.selenium.remote.RemoteWebDriver.findElement(RemoteWebDriver.java:311)
at io.appium.java_client.DefaultGenericMobileDriver.findElement(DefaultGenericMobileDriver.java:58)
at io.appium.java_client.AppiumDriver.findElement(AppiumDriver.java:1)
at io.appium.java_client.android.AndroidDriver.findElement(AndroidDriver.java:1)
at org.openqa.selenium.support.pagefactory.DefaultElementLocator.findElement(DefaultElementLocator.java:69)
at org.openqa.selenium.support.pagefactory.internal.LocatingElementHandler.invoke(LocatingElementHandler.java:38)
at com.sun.proxy.$Proxy10.isDisplayed(Unknown Source)
at PageObject_Component.PageObject_phonenumber.check_phoneno_UI(PageObject_phonenumber.java:156)
at Scenario_Component.Scenario_Phonenumber.Phoneno_UI(Scenario_Phonenumber.java:76)
at sun.reflect.NativeMethodAccessorImpl.invoke0(Native Method)
at sun.reflect.NativeMethodAccessorImpl.invoke(NativeMethodAccessorImpl.java:62)
at sun.reflect.DelegatingMethodAccessorImpl.invoke(DelegatingMethodAccessorImpl.java:43)
at java.lang.reflect.Method.invoke(Method.java:498)
at org.testng.internal.MethodInvocationHelper.invokeMethod(MethodInvocationHelper.java:124)
at org.testng.internal.Invoker.invokeMethod(Invoker.java:580)
at org.testng.internal.Invoker.invokeTestMethod(Invoker.java:716)
at org.testng.internal.Invoker.invokeTestMethods(Invoker.java:988)
at org.testng.internal.TestMethodWorker.invokeTestMethods(TestMethodWorker.java:125)
at org.testng.internal.TestMethodWorker.run(TestMethodWorker.java:109)
at org.testng.TestRunner.privateRun(TestRunner.java:648)
at org.testng.TestRunner.run(TestRunner.java:505)
at org.testng.SuiteRunner.runTest(SuiteRunner.java:455)
at org.testng.SuiteRunner.runSequentially(SuiteRunner.java:450)
at org.testng.SuiteRunner.privateRun(SuiteRunner.java:415)
at org.testng.SuiteRunner.run(SuiteRunner.java:364)
at org.testng.SuiteRunnerWorker.runSuite(SuiteRunnerWorker.java:52)
at org.testng.SuiteRunnerWorker.run(SuiteRunnerWorker.java:84)
at org.testng.TestNG.runSuitesSequentially(TestNG.java:1208)
at org.testng.TestNG.runSuitesLocally(TestNG.java:1137)
at org.testng.TestNG.runSuites(TestNG.java:1049)
at org.testng.TestNG.run(TestNG.java:1017)
at org.testng.remote.AbstractRemoteTestNG.run(AbstractRemoteTestNG.java:114)
at org.testng.remote.RemoteTestNG.initAndRun(RemoteTestNG.java:251)
at org.testng.remote.RemoteTestNG.main(RemoteTestNG.java:77)
]]>
            </full-stacktrace>
          </exception> <!-- org.openqa.selenium.NoSuchElementException -->
          <reporter-output>
          </reporter-output>
        </test-method> <!-- Phoneno_UI -->
        <test-method status="PASS" signature="Phoneno_Toast_Messages()[pri:2, instance:Scenario_Component.Scenario_Phonenumber@1f57539]" name="Phoneno_Toast_Messages" duration-ms="2" started-at="2018-07-23T07:41:48Z" description="Verifying All toast Messages" finished-at="2018-07-23T07:41:48Z">
          <reporter-output>
          </reporter-output>
        </test-method> <!-- Phoneno_Toast_Messages -->
        <test-method status="PASS" signature="Verify_Country_UI()[pri:3, instance:Scenario_Component.Scenario_Phonenumber@1f57539]" name="Verify_Country_UI" duration-ms="4" started-at="2018-07-23T07:41:48Z" description="Verify the country field" finished-at="2018-07-23T07:41:48Z">
          <reporter-output>
          </reporter-output>
        </test-method> <!-- Verify_Country_UI -->
        <test-method status="PASS" signature="Verify_TermPDF()[pri:4, instance:Scenario_Component.Scenario_Phonenumber@1f57539]" name="Verify_TermPDF" duration-ms="1" started-at="2018-07-23T07:41:48Z" finished-at="2018-07-23T07:41:48Z">
          <reporter-output>
          </reporter-output>
        </test-method> <!-- Verify_TermPDF -->
        <test-method status="FAIL" signature="Moveto_OTP()[pri:5, instance:Scenario_Component.Scenario_Phonenumber@1f57539]" name="Moveto_OTP" duration-ms="30501" started-at="2018-07-23T07:41:48Z" finished-at="2018-07-23T07:42:18Z">
          <exception class="org.openqa.selenium.NoSuchElementException">
            <message>
              <![CDATA[An element could not be located on the page using the given search parameters. (WARNING: The server did not provide any stacktrace information)
Command duration or timeout: 0 milliseconds
For documentation on this error, please visit: http://seleniumhq.org/exceptions/no_such_element.html
Build info: version: '3.6.0', revision: '6fbf3ec767', time: '2017-09-27T15:28:36.4Z'
System info: host: 'DESKTOP-4NIKV9T', ip: '10.229.202.25', os.name: 'Windows 10', os.arch: 'amd64', os.version: '10.0', java.version: '1.8.0_162'
Driver info: io.appium.java_client.android.AndroidDriver
Capabilities [{app=/Users/lenovo/eclipse-workspace/Reflex_Demo/src/APk/Reflex_QA.apk, appPackage=com.isport.fastrack, deviceScreenSize=1440x2560, networkConnectionEnabled=true, noReset=false, warnings={}, appWaitPackage=com.isport.fastrack, appWaitActivity=clovewearable.commons.commonsplash.SplashActivity, databaseEnabled=false, deviceName=192.168.192.101:5555, platform=LINUX, deviceUDID=192.168.192.101:5555, appActivity=clovewearable.commons.commonsplash.SplashActivity, desired={app=/Users/lenovo/eclipse-workspace/Reflex_Demo/src/APk/Reflex_QA.apk, noReset=false, newCommandTimeout=600, takesScreenshot=true, platformName=Android, deviceName=vbox86p}, newCommandTimeout=600, platformVersion=7.0, webStorageEnabled=false, locationContextEnabled=false, takesScreenshot=true, javascriptEnabled=true, deviceModel=Google Nexus 6 - 7.0.0 - API 24 - 1440x2560, deviceManufacturer=Genymotion, platformName=LINUX}]
Session ID: 1abf303a-e5f5-49dd-bdc3-95dab1993200
*** Element info: {Using=id, value=com.isport.fastrack:id/phone_valid_editText}]]>
            </message>
            <full-stacktrace>
              <![CDATA[org.openqa.selenium.NoSuchElementException: An element could not be located on the page using the given search parameters. (WARNING: The server did not provide any stacktrace information)
Command duration or timeout: 0 milliseconds
For documentation on this error, please visit: http://seleniumhq.org/exceptions/no_such_element.html
Build info: version: '3.6.0', revision: '6fbf3ec767', time: '2017-09-27T15:28:36.4Z'
System info: host: 'DESKTOP-4NIKV9T', ip: '10.229.202.25', os.name: 'Windows 10', os.arch: 'amd64', os.version: '10.0', java.version: '1.8.0_162'
Driver info: io.appium.java_client.android.AndroidDriver
Capabilities [{app=/Users/lenovo/eclipse-workspace/Reflex_Demo/src/APk/Reflex_QA.apk, appPackage=com.isport.fastrack, deviceScreenSize=1440x2560, networkConnectionEnabled=true, noReset=false, warnings={}, appWaitPackage=com.isport.fastrack, appWaitActivity=clovewearable.commons.commonsplash.SplashActivity, databaseEnabled=false, deviceName=192.168.192.101:5555, platform=LINUX, deviceUDID=192.168.192.101:5555, appActivity=clovewearable.commons.commonsplash.SplashActivity, desired={app=/Users/lenovo/eclipse-workspace/Reflex_Demo/src/APk/Reflex_QA.apk, noReset=false, newCommandTimeout=600, takesScreenshot=true, platformName=Android, deviceName=vbox86p}, newCommandTimeout=600, platformVersion=7.0, webStorageEnabled=false, locationContextEnabled=false, takesScreenshot=true, javascriptEnabled=true, deviceModel=Google Nexus 6 - 7.0.0 - API 24 - 1440x2560, deviceManufacturer=Genymotion, platformName=LINUX}]
Session ID: 1abf303a-e5f5-49dd-bdc3-95dab1993200
*** Element info: {Using=id, value=com.isport.fastrack:id/phone_valid_editText}
at sun.reflect.NativeConstructorAccessorImpl.newInstance0(Native Method)
at sun.reflect.NativeConstructorAccessorImpl.newInstance(NativeConstructorAccessorImpl.java:62)
at sun.reflect.DelegatingConstructorAccessorImpl.newInstance(DelegatingConstructorAccessorImpl.java:45)
at java.lang.reflect.Constructor.newInstance(Constructor.java:423)
at org.openqa.selenium.remote.ErrorHandler.createThrowable(ErrorHandler.java:214)
at org.openqa.selenium.remote.ErrorHandler.throwIfResponseFailed(ErrorHandler.java:166)
at org.openqa.selenium.remote.http.JsonHttpResponseCodec.reconstructValue(JsonHttpResponseCodec.java:40)
at org.openqa.selenium.remote.http.AbstractHttpResponseCodec.decode(AbstractHttpResponseCodec.java:80)
at org.openqa.selenium.remote.http.AbstractHttpResponseCodec.decode(AbstractHttpResponseCodec.java:44)
at org.openqa.selenium.remote.HttpCommandExecutor.execute(HttpCommandExecutor.java:158)
at io.appium.java_client.remote.AppiumCommandExecutor.execute(AppiumCommandExecutor.java:89)
at org.openqa.selenium.remote.RemoteWebDriver.execute(RemoteWebDriver.java:545)
at io.appium.java_client.DefaultGenericMobileDriver.execute(DefaultGenericMobileDriver.java:42)
at io.appium.java_client.AppiumDriver.execute(AppiumDriver.java:1)
at io.appium.java_client.android.AndroidDriver.execute(AndroidDriver.java:1)
at org.openqa.selenium.remote.RemoteWebDriver.findElement(RemoteWebDriver.java:319)
at io.appium.java_client.DefaultGenericMobileDriver.findElement(DefaultGenericMobileDriver.java:62)
at io.appium.java_client.AppiumDriver.findElement(AppiumDriver.java:1)
at io.appium.java_client.android.AndroidDriver.findElement(AndroidDriver.java:1)
at org.openqa.selenium.remote.RemoteWebDriver.findElementById(RemoteWebDriver.java:365)
at io.appium.java_client.DefaultGenericMobileDriver.findElementById(DefaultGenericMobileDriver.java:70)
at io.appium.java_client.AppiumDriver.findElementById(AppiumDriver.java:1)
at io.appium.java_client.android.AndroidDriver.findElementById(AndroidDriver.java:1)
at org.openqa.selenium.By$ById.findElement(By.java:218)
at org.openqa.selenium.remote.RemoteWebDriver.findElement(RemoteWebDriver.java:311)
at io.appium.java_client.DefaultGenericMobileDriver.findElement(DefaultGenericMobileDriver.java:58)
at io.appium.java_client.AppiumDriver.findElement(AppiumDriver.java:1)
at io.appium.java_client.android.AndroidDriver.findElement(AndroidDriver.java:1)
at org.openqa.selenium.support.pagefactory.DefaultElementLocator.findElement(DefaultElementLocator.java:69)
at org.openqa.selenium.support.pagefactory.internal.LocatingElementHandler.invoke(LocatingElementHandler.java:38)
at com.sun.proxy.$Proxy10.click(Unknown Source)
at PageObject_Component.PageObject_phonenumber.phoneno_field(PageObject_phonenumber.java:289)
at PageObject_Component.PageObject_phonenumber.Moveto_OTP(PageObject_phonenumber.java:255)
at PageObject_Component.PageObject_phonenumber.signin_no_validation(PageObject_phonenumber.java:329)
at Scenario_Component.Scenario_Phonenumber.Moveto_OTP(Scenario_Phonenumber.java:100)
at sun.reflect.NativeMethodAccessorImpl.invoke0(Native Method)
at sun.reflect.NativeMethodAccessorImpl.invoke(NativeMethodAccessorImpl.java:62)
at sun.reflect.DelegatingMethodAccessorImpl.invoke(DelegatingMethodAccessorImpl.java:43)
at java.lang.reflect.Method.invoke(Method.java:498)
at org.testng.internal.MethodInvocationHelper.invokeMethod(MethodInvocationHelper.java:124)
at org.testng.internal.Invoker.invokeMethod(Invoker.java:580)
at org.testng.internal.Invoker.invokeTestMethod(Invoker.java:716)
at org.testng.internal.Invoker.invokeTestMethods(Invoker.java:988)
at org.testng.internal.TestMethodWorker.invokeTestMethods(TestMethodWorker.java:125)
at org.testng.internal.TestMethodWorker.run(TestMethodWorker.java:109)
at org.testng.TestRunner.privateRun(TestRunner.java:648)
at org.testng.TestRunner.run(TestRunner.java:505)
at org.testng.SuiteRunner.runTest(SuiteRunner.java:455)
at org.testng.SuiteRunner.runSequentially(SuiteRunner.java:450)
at org.testng.SuiteRunner.privateRun(SuiteRunner.java:415)
at org.testng.SuiteRunner.run(SuiteRunner.java:364)
at org.testng.SuiteRunnerWorker.runSuite(SuiteRunnerWorker.java:52)
at org.testng.SuiteRunnerWorker.run(SuiteRunnerWorker.java:84)
at org.testng.TestNG.runSuitesSequentially(TestNG.java:1208)
at org.testng.TestNG.runSuitesLocally(TestNG.java:1137)
at org.testng.TestNG.runSuites(TestNG.java:1049)
at org.testng.TestNG.run(TestNG.java:1017)
at org.testng.remote.AbstractRemoteTestNG.run(AbstractRemoteTestNG.java:114)
at org.testng.remote.RemoteTestNG.initAndRun(RemoteTestNG.java:251)
at org.testng.remote.RemoteTestNG.main(RemoteTestNG.java:77)
]]>
            </full-stacktrace>
          </exception> <!-- org.openqa.selenium.NoSuchElementException -->
          <reporter-output>
          </reporter-output>
        </test-method> <!-- Moveto_OTP -->
        <test-method status="PASS" signature="uninstall()[pri:0, instance:Scenario_Component.Scenario_Phonenumber@1f57539]" name="uninstall" is-config="true" duration-ms="0" started-at="2018-07-23T07:42:18Z" finished-at="2018-07-23T07:42:18Z">
          <reporter-output>
          </reporter-output>
        </test-method> <!-- uninstall -->
      </class> <!-- Scenario_Component.Scenario_Phonenumber -->
    </test> <!-- Default test -->
  </suite> <!-- Default suite -->
</testng-results>
